[2021-08-23 19:20:50] Текст ошибки: страница не найдена | файл: /var/www/html/public/index.php | Строка: 11
==========
[2021-08-23 19:20:50] Текст ошибки: страница не найдена | файл: /var/www/html/public/index.php | Строка: 11
==========
[2021-08-23 19:21:30] Текст ошибки: страница не найдена | файл: /var/www/html/public/index.php | Строка: 11
==========
[2021-08-23 19:21:31] Текст ошибки: страница не найдена | файл: /var/www/html/public/index.php | Строка: 11
==========
[2021-08-23 19:28:28] Текст ошибки: Страница не найдена | файл: /var/www/html/public/index.php | Строка: 11
==========
[2021-08-23 19:28:29] Текст ошибки: Страница не найдена | файл: /var/www/html/public/index.php | Строка: 11
==========
[2021-08-23 19:30:29] Текст ошибки: Страница не найдена | файл: /var/www/html/public/index.php | Строка: 11
==========
[2021-08-23 19:33:19] Текст ошибки: Страница не найдена | файл: /var/www/html/public/index.php | Строка: 11
==========
[2021-08-23 19:33:30] Текст ошибки: Страница не найдена | файл: /var/www/html/public/index.php | Строка: 11
==========
[2021-08-23 19:35:30] Текст ошибки: Страница не найдена | файл: /var/www/html/public/index.php | Строка: 9
==========
[2021-08-23 19:35:32] Текст ошибки: Страница не найдена | файл: /var/www/html/public/index.php | Строка: 9
==========
[2021-08-23 19:35:32] Текст ошибки: Страница не найдена | файл: /var/www/html/public/index.php | Строка: 9
==========
[2021-08-23 19:35:32] Текст ошибки: Страница не найдена | файл: /var/www/html/public/index.php | Строка: 9
==========
[2021-08-23 19:35:57] Текст ошибки: Страница не найдена | файл: /var/www/html/public/index.php | Строка: 9
==========
[2021-08-23 19:36:42] Текст ошибки: Страница не найдена | файл: /var/www/html/public/index.php | Строка: 9
==========
[2021-08-23 19:36:48] Текст ошибки: Страница не найдена | файл: /var/www/html/public/index.php | Строка: 9
==========
[2021-08-23 19:36:50] Текст ошибки: Страница не найдена | файл: /var/www/html/public/index.php | Строка: 9
==========
[2021-08-23 19:36:51] Текст ошибки: Страница не найдена | файл: /var/www/html/public/index.php | Строка: 9
==========
[2021-08-23 19:37:14] Текст ошибки: Страница не найдена | файл: /var/www/html/public/index.php | Строка: 9
==========
[2021-08-23 19:37:20] Текст ошибки: Страница не найдена | файл: /var/www/html/public/index.php | Строка: 9
==========
[2021-08-23 19:39:42] Текст ошибки: Страница не найдена | файл: /var/www/html/public/index.php | Строка: 9
==========
[2021-08-23 19:39:43] Текст ошибки: Страница не найдена | файл: /var/www/html/public/index.php | Строка: 9
==========
[2021-08-23 19:39:44] Текст ошибки: Страница не найдена | файл: /var/www/html/public/index.php | Строка: 9
==========
[2021-08-23 19:39:44] Текст ошибки: Страница не найдена | файл: /var/www/html/public/index.php | Строка: 9
==========
[2021-08-23 19:39:45] Текст ошибки: Страница не найдена | файл: /var/www/html/public/index.php | Строка: 9
==========
[2021-08-23 19:39:45] Текст ошибки: Страница не найдена | файл: /var/www/html/public/index.php | Строка: 9
==========
[2021-08-23 19:39:45] Текст ошибки: Страница не найдена | файл: /var/www/html/public/index.php | Строка: 9
==========
[2021-08-23 19:39:45] Текст ошибки: Страница не найдена | файл: /var/www/html/public/index.php | Строка: 9
==========
[2021-08-23 19:39:45] Текст ошибки: Страница не найдена | файл: /var/www/html/public/index.php | Строка: 9
==========
[2021-08-23 19:39:45] Текст ошибки: Страница не найдена | файл: /var/www/html/public/index.php | Строка: 9
==========
[2021-08-23 19:39:46] Текст ошибки: Страница не найдена | файл: /var/www/html/public/index.php | Строка: 9
==========
[2021-08-23 19:39:46] Текст ошибки: Страница не найдена | файл: /var/www/html/public/index.php | Строка: 9
==========
[2021-08-23 19:39:46] Текст ошибки: Страница не найдена | файл: /var/www/html/public/index.php | Строка: 9
==========
[2021-08-23 19:39:46] Текст ошибки: Страница не найдена | файл: /var/www/html/public/index.php | Строка: 9
==========
[2021-08-23 19:39:46] Текст ошибки: Страница не найдена | файл: /var/www/html/public/index.php | Строка: 9
==========
[2021-08-23 19:39:46] Текст ошибки: Страница не найдена | файл: /var/www/html/public/index.php | Строка: 9
==========
[2021-08-23 19:39:47] Текст ошибки: Страница не найдена | файл: /var/www/html/public/index.php | Строка: 9
==========
[2021-08-23 19:41:12] Текст ошибки: Страница не найдена | файл: /var/www/html/public/index.php | Строка: 9
==========
[2021-08-23 19:41:13] Текст ошибки: Страница не найдена | файл: /var/www/html/public/index.php | Строка: 9
==========
[2021-08-23 19:41:14] Текст ошибки: Страница не найдена | файл: /var/www/html/public/index.php | Строка: 9
==========
[2021-08-23 19:41:14] Текст ошибки: Страница не найдена | файл: /var/www/html/public/index.php | Строка: 9
==========
[2021-08-23 19:41:14] Текст ошибки: Страница не найдена | файл: /var/www/html/public/index.php | Строка: 9
==========
[2021-08-23 19:41:14] Текст ошибки: Страница не найдена | файл: /var/www/html/public/index.php | Строка: 9
==========
[2021-08-23 19:41:14] Текст ошибки: Страница не найдена | файл: /var/www/html/public/index.php | Строка: 9
==========
[2021-08-23 19:41:14] Текст ошибки: Страница не найдена | файл: /var/www/html/public/index.php | Строка: 9
==========
[2021-08-23 19:42:07] Текст ошибки: Страница не найдена | файл: /var/www/html/public/index.php | Строка: 9
==========
[2021-08-23 19:51:28] Текст ошибки: Страница не найдена | файл: /var/www/html/public/index.php | Строка: 9
==========
[2021-08-23 19:51:30] Текст ошибки: Страница не найдена | файл: /var/www/html/public/index.php | Строка: 9
==========
[2021-08-23 19:53:24] Текст ошибки: Страница не найдена | файл: /var/www/html/public/index.php | Строка: 9
==========
[2021-08-23 19:53:24] Текст ошибки: Страница не найдена | файл: /var/www/html/public/index.php | Строка: 9
==========
[2021-08-23 19:53:56] Текст ошибки: Страница не найдена | файл: /var/www/html/public/index.php | Строка: 9
==========
[2021-08-23 19:53:56] Текст ошибки: Страница не найдена | файл: /var/www/html/public/index.php | Строка: 9
==========
[2021-08-23 19:53:58] Текст ошибки: Страница не найдена | файл: /var/www/html/public/index.php | Строка: 9
==========
[2021-08-23 19:53:58] Текст ошибки: Страница не найдена | файл: /var/www/html/public/index.php | Строка: 9
==========
[2021-08-23 19:53:59] Текст ошибки: Страница не найдена | файл: /var/www/html/public/index.php | Строка: 9
==========
[2021-08-23 19:53:59] Текст ошибки: Страница не найдена | файл: /var/www/html/public/index.php | Строка: 9
==========
[2021-08-23 19:57:52] Текст ошибки: Страница не найдена | файл: /var/www/html/public/index.php | Строка: 9
==========
[2021-08-23 19:57:52] Текст ошибки: Страница не найдена | файл: /var/www/html/public/index.php | Строка: 9
==========
[2021-08-23 19:57:53] Текст ошибки: Страница не найдена | файл: /var/www/html/public/index.php | Строка: 9
==========
[2021-08-23 19:57:53] Текст ошибки: Страница не найдена | файл: /var/www/html/public/index.php | Строка: 9
==========
[2021-08-23 19:57:53] Текст ошибки: Страница не найдена | файл: /var/www/html/public/index.php | Строка: 9
==========
[2021-08-23 19:57:53] Текст ошибки: Страница не найдена | файл: /var/www/html/public/index.php | Строка: 9
==========
[2021-08-23 19:57:53] Текст ошибки: Страница не найдена | файл: /var/www/html/public/index.php | Строка: 9
==========
[2021-08-23 19:57:53] Текст ошибки: Страница не найдена | файл: /var/www/html/public/index.php | Строка: 9
==========
[2021-08-23 19:57:54] Текст ошибки: Страница не найдена | файл: /var/www/html/public/index.php | Строка: 9
==========
[2021-08-23 19:57:54] Текст ошибки: Страница не найдена | файл: /var/www/html/public/index.php | Строка: 9
==========
[2021-08-23 19:57:54] Текст ошибки: Страница не найдена | файл: /var/www/html/public/index.php | Строка: 9
==========
[2021-08-23 19:57:54] Текст ошибки: Страница не найдена | файл: /var/www/html/public/index.php | Строка: 9
==========
[2021-08-23 19:57:54] Текст ошибки: Страница не найдена | файл: /var/www/html/public/index.php | Строка: 9
==========
[2021-08-23 19:57:54] Текст ошибки: Страница не найдена | файл: /var/www/html/public/index.php | Строка: 9
==========
[2021-08-23 19:58:31] Текст ошибки: Страница не найдена | файл: /var/www/html/public/index.php | Строка: 9
==========
[2021-08-23 19:58:31] Текст ошибки: Страница не найдена | файл: /var/www/html/public/index.php | Строка: 9
==========
[2021-08-23 19:58:31] Текст ошибки: Страница не найдена | файл: /var/www/html/public/index.php | Строка: 9
==========
[2021-08-23 19:58:31] Текст ошибки: Страница не найдена | файл: /var/www/html/public/index.php | Строка: 9
==========
[2021-08-23 19:58:31] Текст ошибки: Страница не найдена | файл: /var/www/html/public/index.php | Строка: 9
==========
[2021-08-23 19:58:31] Текст ошибки: Страница не найдена | файл: /var/www/html/public/index.php | Строка: 9
==========
[2021-08-23 19:58:32] Текст ошибки: Страница не найдена | файл: /var/www/html/public/index.php | Строка: 9
==========
[2021-08-23 19:58:32] Текст ошибки: Страница не найдена | файл: /var/www/html/public/index.php | Строка: 9
==========
[2021-08-23 19:58:32] Текст ошибки: Страница не найдена | файл: /var/www/html/public/index.php | Строка: 9
==========
[2021-08-23 19:58:32] Текст ошибки: Страница не найдена | файл: /var/www/html/public/index.php | Строка: 9
==========
[2021-08-23 19:58:32] Текст ошибки: Страница не найдена | файл: /var/www/html/public/index.php | Строка: 9
==========
[2021-08-23 19:58:32] Текст ошибки: Страница не найдена | файл: /var/www/html/public/index.php | Строка: 9
==========
[2021-08-23 19:59:19] Текст ошибки: Страница не найдена | файл: /var/www/html/public/index.php | Строка: 9
==========
[2021-08-23 19:59:19] Текст ошибки: Страница не найдена | файл: /var/www/html/public/index.php | Строка: 9
==========
[2021-08-23 19:59:20] Текст ошибки: Страница не найдена | файл: /var/www/html/public/index.php | Строка: 9
==========
[2021-08-23 19:59:20] Текст ошибки: Страница не найдена | файл: /var/www/html/public/index.php | Строка: 9
==========
[2021-08-23 19:59:25] Текст ошибки: Страница не найдена | файл: /var/www/html/public/index.php | Строка: 9
==========
[2021-08-23 19:59:25] Текст ошибки: Страница не найдена | файл: /var/www/html/public/index.php | Строка: 9
==========
[2021-08-23 19:59:26] Текст ошибки: Страница не найдена | файл: /var/www/html/public/index.php | Строка: 9
==========
[2021-08-23 19:59:26] Текст ошибки: Страница не найдена | файл: /var/www/html/public/index.php | Строка: 9
==========
[2021-08-23 19:59:27] Текст ошибки: Страница не найдена | файл: /var/www/html/public/index.php | Строка: 9
==========
[2021-08-23 19:59:27] Текст ошибки: Страница не найдена | файл: /var/www/html/public/index.php | Строка: 9
==========
[2021-08-23 19:59:59] Текст ошибки: Страница не найдена | файл: /var/www/html/public/index.php | Строка: 9
==========
[2021-08-23 20:00:08] Текст ошибки: Страница не найдена | файл: /var/www/html/public/index.php | Строка: 9
==========
[2021-08-23 20:00:09] Текст ошибки: Страница не найдена | файл: /var/www/html/public/index.php | Строка: 9
==========
[2021-08-23 20:00:23] Текст ошибки: Страница не найдена | файл: /var/www/html/public/index.php | Строка: 9
==========
[2021-08-23 20:00:24] Текст ошибки: Страница не найдена | файл: /var/www/html/public/index.php | Строка: 9
==========
[2021-08-23 20:00:24] Текст ошибки: Страница не найдена | файл: /var/www/html/public/index.php | Строка: 9
==========
[2021-08-23 20:00:25] Текст ошибки: Страница не найдена | файл: /var/www/html/public/index.php | Строка: 9
==========
[2021-08-23 20:01:33] Текст ошибки: Страница не найдена | файл: /var/www/html/public/index.php | Строка: 9
==========
[2021-08-23 20:01:35] Текст ошибки: Страница не найдена | файл: /var/www/html/public/index.php | Строка: 9
==========
[2021-08-23 20:09:19] Текст ошибки: Страница не найдена | файл: /var/www/html/public/index.php | Строка: 9
==========
[2021-08-23 20:09:37] Текст ошибки: Страница не найдена | файл: /var/www/html/public/index.php | Строка: 9
==========
[2021-08-23 20:27:13] Текст ошибки: Страница не найдена | файл: /var/www/html/public/index.php | Строка: 9
==========
[2021-08-24 18:23:37] Текст ошибки: Контроллер app\controllers\MainController не найдет | файл: /var/www/html/vendor/ishop/core/Router.php | Строка: 31
==========
[2021-08-24 18:23:45] Текст ошибки: Контроллер app\controllers\MainController не найдет | файл: /var/www/html/vendor/ishop/core/Router.php | Строка: 31
==========
[2021-08-24 18:23:47] Текст ошибки: Контроллер app\controllers\MainController не найдет | файл: /var/www/html/vendor/ishop/core/Router.php | Строка: 31
==========
[2021-08-24 18:23:56] Текст ошибки: Контроллер app\controllers\MainController не найдет | файл: /var/www/html/vendor/ishop/core/Router.php | Строка: 31
==========
[2021-08-24 18:24:53] Текст ошибки: Class 'app\controllers\MainController' not found | файл: /var/www/html/vendor/ishop/core/Router.php | Строка: 28
==========
[2021-08-24 18:24:54] Текст ошибки: Class 'app\controllers\MainController' not found | файл: /var/www/html/vendor/ishop/core/Router.php | Строка: 28
==========
[2021-08-24 18:30:08] Текст ошибки: Контроллер app\controllers\MainController не найден | файл: /var/www/html/vendor/ishop/core/Router.php | Строка: 36
==========
[2021-08-24 18:30:50] Текст ошибки: Контроллер app\controllers\MainController не найден | файл: /var/www/html/vendor/ishop/core/Router.php | Строка: 36
==========
[2021-08-24 18:30:51] Текст ошибки: Контроллер app\controllers\MainController не найден | файл: /var/www/html/vendor/ishop/core/Router.php | Строка: 36
==========
[2021-08-24 18:33:03] Текст ошибки: Контроллер app\controllers\MainController не найден | файл: /var/www/html/vendor/ishop/core/Router.php | Строка: 34
==========
[2021-08-24 18:33:04] Текст ошибки: Контроллер app\controllers\MainController не найден | файл: /var/www/html/vendor/ishop/core/Router.php | Строка: 34
==========
[2021-08-24 18:33:04] Текст ошибки: Контроллер app\controllers\MainController не найден | файл: /var/www/html/vendor/ishop/core/Router.php | Строка: 34
==========
[2021-08-24 18:33:05] Текст ошибки: Контроллер app\controllers\MainController не найден | файл: /var/www/html/vendor/ishop/core/Router.php | Строка: 34
==========
[2021-08-24 18:33:05] Текст ошибки: Контроллер app\controllers\MainController не найден | файл: /var/www/html/vendor/ishop/core/Router.php | Строка: 34
==========
[2021-08-24 18:33:05] Текст ошибки: Контроллер app\controllers\MainController не найден | файл: /var/www/html/vendor/ishop/core/Router.php | Строка: 34
==========
[2021-08-24 18:33:05] Текст ошибки: Контроллер app\controllers\MainController не найден | файл: /var/www/html/vendor/ishop/core/Router.php | Строка: 34
==========
[2021-08-24 18:33:05] Текст ошибки: Контроллер app\controllers\MainController не найден | файл: /var/www/html/vendor/ishop/core/Router.php | Строка: 34
==========
[2021-08-24 18:33:05] Текст ошибки: Контроллер app\controllers\MainController не найден | файл: /var/www/html/vendor/ishop/core/Router.php | Строка: 34
==========
[2021-08-24 18:33:30] Текст ошибки: Контроллер app\controllers\MainController не найден | файл: /var/www/html/vendor/ishop/core/Router.php | Строка: 34
==========
[2021-08-24 18:33:33] Текст ошибки: Контроллер app\controllers\MainController не найден | файл: /var/www/html/vendor/ishop/core/Router.php | Строка: 34
==========
[2021-08-24 18:33:35] Текст ошибки: Контроллер app\controllers\MainController не найден | файл: /var/www/html/vendor/ishop/core/Router.php | Строка: 34
==========
[2021-08-24 18:33:37] Текст ошибки: Контроллер app\controllers\MainController не найден | файл: /var/www/html/vendor/ishop/core/Router.php | Строка: 34
==========
[2021-08-24 18:33:37] Текст ошибки: Контроллер app\controllers\MainController не найден | файл: /var/www/html/vendor/ishop/core/Router.php | Строка: 34
==========
[2021-08-24 18:33:37] Текст ошибки: Контроллер app\controllers\MainController не найден | файл: /var/www/html/vendor/ishop/core/Router.php | Строка: 34
==========
[2021-08-24 18:33:37] Текст ошибки: Контроллер app\controllers\MainController не найден | файл: /var/www/html/vendor/ishop/core/Router.php | Строка: 34
==========
[2021-08-24 18:34:07] Текст ошибки: Контроллер app\controllers\MainController не найден | файл: /var/www/html/vendor/ishop/core/Router.php | Строка: 34
==========
[2021-08-24 18:34:07] Текст ошибки: Контроллер app\controllers\MainController не найден | файл: /var/www/html/vendor/ishop/core/Router.php | Строка: 34
==========
[2021-08-24 18:34:08] Текст ошибки: Контроллер app\controllers\MainController не найден | файл: /var/www/html/vendor/ishop/core/Router.php | Строка: 34
==========
[2021-08-24 18:37:26] Текст ошибки: Контроллер app\controllers\MainController не найден | файл: /var/www/html/vendor/ishop/core/Router.php | Строка: 34
==========
[2021-08-24 18:37:27] Текст ошибки: Контроллер app\controllers\MainController не найден | файл: /var/www/html/vendor/ishop/core/Router.php | Строка: 34
==========
[2021-08-24 18:38:39] Текст ошибки: Контроллер app\controllers\MainController не найден | файл: /var/www/html/vendor/ishop/core/Router.php | Строка: 34
==========
[2021-08-24 18:38:48] Текст ошибки: Контроллер app\controllers\MainController не найден | файл: /var/www/html/vendor/ishop/core/Router.php | Строка: 34
==========
[2021-08-24 18:38:51] Текст ошибки: Контроллер app\controllers\MainController не найден | файл: /var/www/html/vendor/ishop/core/Router.php | Строка: 34
==========
[2021-08-25 13:28:54] Текст ошибки: Страница не найдена | файл: /var/www/html/public/index.php | Строка: 10
==========
[2021-08-25 13:28:57] Текст ошибки: Страница не найдена | файл: /var/www/html/public/index.php | Строка: 10
==========
[2021-08-25 13:28:57] Текст ошибки: Страница не найдена | файл: /var/www/html/public/index.php | Строка: 10
==========
[2021-08-25 13:29:16] Текст ошибки: Страница не найдена | файл: /var/www/html/public/index.php | Строка: 10
==========
[2021-08-25 13:29:18] Текст ошибки: Страница не найдена | файл: /var/www/html/public/index.php | Строка: 10
==========
[2021-08-25 13:29:34] Текст ошибки: Страница не найдена | файл: /var/www/html/public/index.php | Строка: 10
==========
[2021-08-25 13:29:57] Текст ошибки: Страница не найдена | файл: /var/www/html/public/index.php | Строка: 10
==========
